2019-05-24 09:17:13.661  INFO 10456 --- [main] c.a.e.EquipmentcontrolApplication        : No active profile set, falling back to default profiles: default
2019-05-24 09:17:14.360  INFO 10456 --- [main] o.s.cloud.context.scope.GenericScope     : BeanFactory id=d3c094a2-cb62-3899-bc0e-94227f3399e2
2019-05-24 09:17:14.368  INFO 10456 --- [main] faultConfiguringBeanFactoryPostProcessor : No bean named 'errorChannel' has been explicitly defined. Therefore, a default PublishSubscribeChannel will be created.
2019-05-24 09:17:14.374  INFO 10456 --- [main] faultConfiguringBeanFactoryPostProcessor : No bean named 'taskScheduler' has been explicitly defined. Therefore, a default ThreadPoolTaskScheduler will be created.
2019-05-24 09:17:14.379  INFO 10456 --- [main] faultConfiguringBeanFactoryPostProcessor : No bean named 'integrationHeaderChannelRegistry' has been explicitly defined. Therefore, a default DefaultHeaderChannelRegistry will be created.
2019-05-24 09:17:14.396  INFO 10456 --- [main] trationDelegate$BeanPostProcessorChecker : Bean 'com.avst.equipmentcontrol.feignclient.MeetingControl' of type [org.springframework.cloud.openfeign.FeignClientFactoryBean] is not eligible for getting processed by all BeanPostProcessors (for example: not eligible for auto-proxying)
2019-05-24 09:17:14.457  INFO 10456 --- [main] trationDelegate$BeanPostProcessorChecker : Bean 'org.springframework.transaction.annotation.ProxyTransactionManagementConfiguration' of type [org.springframework.transaction.annotation.ProxyTransactionManagementConfiguration$$EnhancerBySpringCGLIB$$d2dae52a] is not eligible for getting processed by all BeanPostProcessors (for example: not eligible for auto-proxying)
2019-05-24 09:17:14.463  INFO 10456 --- [main] trationDelegate$BeanPostProcessorChecker : Bean 'org.springframework.integration.config.IntegrationManagementConfiguration' of type [org.springframework.integration.config.IntegrationManagementConfiguration$$EnhancerBySpringCGLIB$$3dcca059] is not eligible for getting processed by all BeanPostProcessors (for example: not eligible for auto-proxying)
2019-05-24 09:17:14.473  INFO 10456 --- [main] trationDelegate$BeanPostProcessorChecker : Bean 'integrationDisposableAutoCreatedBeans' of type [org.springframework.integration.config.annotation.Disposables] is not eligible for getting processed by all BeanPostProcessors (for example: not eligible for auto-proxying)
2019-05-24 09:17:14.483  INFO 10456 --- [main] trationDelegate$BeanPostProcessorChecker : Bean 'org.springframework.cloud.autoconfigure.ConfigurationPropertiesRebinderAutoConfiguration' of type [org.springframework.cloud.autoconfigure.ConfigurationPropertiesRebinderAutoConfiguration$$EnhancerBySpringCGLIB$$eef4e827] is not eligible for getting processed by all BeanPostProcessors (for example: not eligible for auto-proxying)
2019-05-24 09:17:14.718  INFO 10456 --- [main] o.s.b.w.embedded.tomcat.TomcatWebServer  : Tomcat initialized with port(s): 8081 (http)
2019-05-24 09:17:14.738  INFO 10456 --- [main] o.apache.catalina.core.StandardService   : Starting service [Tomcat]
2019-05-24 09:17:14.738  INFO 10456 --- [main] org.apache.catalina.core.StandardEngine  : Starting Servlet engine: [Apache Tomcat/9.0.17]
2019-05-24 09:17:14.841  INFO 10456 --- [main] o.a.c.c.C.[Tomcat].[localhost].[/]       : Initializing Spring embedded WebApplicationContext
2019-05-24 09:17:14.841  INFO 10456 --- [main] o.s.web.context.ContextLoader            : Root WebApplicationContext: initialization completed in 1163 ms
2019-05-24 09:17:15.276  INFO 10456 --- [main] com.zaxxer.hikari.HikariDataSource       : HikariPool-1 - Starting...
2019-05-24 09:17:15.414  INFO 10456 --- [main] com.zaxxer.hikari.HikariDataSource       : HikariPool-1 - Start completed.
2019-05-24 09:17:15.649  WARN 10456 --- [main] c.n.c.sources.URLConfigurationSource     : No URLs will be polled as dynamic configuration sources.
2019-05-24 09:17:15.649  INFO 10456 --- [main] c.n.c.sources.URLConfigurationSource     : To enable URLs as dynamic configuration sources, define System property archaius.configurationSource.additionalUrls or make config.properties available on classpath.
2019-05-24 09:17:15.652  WARN 10456 --- [main] c.n.c.sources.URLConfigurationSource     : No URLs will be polled as dynamic configuration sources.
2019-05-24 09:17:15.652  INFO 10456 --- [main] c.n.c.sources.URLConfigurationSource     : To enable URLs as dynamic configuration sources, define System property archaius.configurationSource.additionalUrls or make config.properties available on classpath.
2019-05-24 09:17:15.808  INFO 10456 --- [main] o.s.s.concurrent.ThreadPoolTaskExecutor  : Initializing ExecutorService 'applicationTaskExecutor'
2019-05-24 09:17:16.453  INFO 10456 --- [main] o.s.s.c.ThreadPoolTaskScheduler          : Initializing ExecutorService 'taskScheduler'
2019-05-24 09:17:16.575  INFO 10456 --- [main] o.s.i.endpoint.EventDrivenConsumer       : Adding {logging-channel-adapter:_org.springframework.integration.errorLogger} as a subscriber to the 'errorChannel' channel
2019-05-24 09:17:16.576  INFO 10456 --- [main] o.s.i.channel.PublishSubscribeChannel    : Channel 'application-1.errorChannel' has 1 subscriber(s).
2019-05-24 09:17:16.576  INFO 10456 --- [main] o.s.i.endpoint.EventDrivenConsumer       : started _org.springframework.integration.errorLogger
2019-05-24 09:17:16.586  INFO 10456 --- [main] o.s.c.n.eureka.InstanceInfoFactory       : Setting initial instance status as: STARTING
2019-05-24 09:17:16.614  INFO 10456 --- [main] com.netflix.discovery.DiscoveryClient    : Initializing Eureka in region us-east-1
2019-05-24 09:17:16.862  INFO 10456 --- [main] c.n.d.provider.DiscoveryJerseyProvider   : Using JSON encoding codec LegacyJacksonJson
2019-05-24 09:17:16.862  INFO 10456 --- [main] c.n.d.provider.DiscoveryJerseyProvider   : Using JSON decoding codec LegacyJacksonJson
2019-05-24 09:17:16.938  INFO 10456 --- [main] c.n.d.provider.DiscoveryJerseyProvider   : Using XML encoding codec XStreamXml
2019-05-24 09:17:16.938  INFO 10456 --- [main] c.n.d.provider.DiscoveryJerseyProvider   : Using XML decoding codec XStreamXml
2019-05-24 09:17:17.057  INFO 10456 --- [main] c.n.d.s.r.aws.ConfigClusterResolver      : Resolving eureka endpoints via configuration
2019-05-24 09:17:17.130  INFO 10456 --- [main] com.netflix.discovery.DiscoveryClient    : Disable delta property : false
2019-05-24 09:17:17.130  INFO 10456 --- [main] com.netflix.discovery.DiscoveryClient    : Single vip registry refresh property : null
2019-05-24 09:17:17.130  INFO 10456 --- [main] com.netflix.discovery.DiscoveryClient    : Force full registry fetch : false
2019-05-24 09:17:17.130  INFO 10456 --- [main] com.netflix.discovery.DiscoveryClient    : Application is null : false
2019-05-24 09:17:17.130  INFO 10456 --- [main] com.netflix.discovery.DiscoveryClient    : Registered Applications size is zero : true
2019-05-24 09:17:17.130  INFO 10456 --- [main] com.netflix.discovery.DiscoveryClient    : Application version is -1: true
2019-05-24 09:17:17.130  INFO 10456 --- [main] com.netflix.discovery.DiscoveryClient    : Getting all instance registry info from the eureka server
2019-05-24 09:17:17.252  INFO 10456 --- [main] com.netflix.discovery.DiscoveryClient    : The response status is 200
2019-05-24 09:17:17.254  INFO 10456 --- [main] com.netflix.discovery.DiscoveryClient    : Starting heartbeat executor: renew interval is: 30
2019-05-24 09:17:17.257  INFO 10456 --- [main] c.n.discovery.InstanceInfoReplicator     : InstanceInfoReplicator onDemand update allowed rate per min is 4
2019-05-24 09:17:17.260  INFO 10456 --- [main] com.netflix.discovery.DiscoveryClient    : Discovery Client initialized at timestamp 1558660637259 with initial instances count: 6
2019-05-24 09:17:17.263  INFO 10456 --- [main] o.s.c.n.e.s.EurekaServiceRegistry        : Registering application EC with eureka with status UP
2019-05-24 09:17:17.263  INFO 10456 --- [main] com.netflix.discovery.DiscoveryClient    : Saw local status change event StatusChangeEvent [timestamp=1558660637263, current=UP, previous=STARTING]
2019-05-24 09:17:17.267  INFO 10456 --- [DiscoveryClient-InstanceInfoReplicator-0] com.netflix.discovery.DiscoveryClient    : DiscoveryClient_EC/PC-20170515IYFG:ec:8081: registering service...
2019-05-24 09:17:17.300  INFO 10456 --- [DiscoveryClient-InstanceInfoReplicator-0] com.netflix.discovery.DiscoveryClient    : DiscoveryClient_EC/PC-20170515IYFG:ec:8081 - registration status: 204
2019-05-24 09:17:17.304  INFO 10456 --- [main] o.s.b.w.embedded.tomcat.TomcatWebServer  : Tomcat started on port(s): 8081 (http) with context path ''
2019-05-24 09:17:17.304  INFO 10456 --- [main] .s.c.n.e.s.EurekaAutoServiceRegistration : Updating port to 8081
2019-05-24 09:17:17.306  INFO 10456 --- [main] c.a.e.EquipmentcontrolApplication        : Started EquipmentcontrolApplication in 4.744 seconds (JVM running for 5.771)
2019-05-24 09:20:11.757  INFO 10456 --- [http-nio-8081-exec-1] o.a.c.c.C.[Tomcat].[localhost].[/]       : Initializing Spring DispatcherServlet 'dispatcherServlet'
2019-05-24 09:20:11.758  INFO 10456 --- [http-nio-8081-exec-1] o.s.web.servlet.DispatcherServlet        : Initializing Servlet 'dispatcherServlet'
2019-05-24 09:20:11.764  INFO 10456 --- [http-nio-8081-exec-1] o.s.web.servlet.DispatcherServlet        : Completed initialization in 6 ms
2019-05-24 09:20:11.829  WARN 10456 --- [http-nio-8081-exec-1] com.zaxxer.hikari.pool.PoolBase          : HikariPool-1 - Failed to validate connection com.mysql.jdbc.JDBC4Connection@27fc4aa (No operations allowed after connection closed.). Possibly consider using a shorter maxLifetime value.
2019-05-24 09:20:11.830  WARN 10456 --- [http-nio-8081-exec-1] com.zaxxer.hikari.pool.PoolBase          : HikariPool-1 - Failed to validate connection com.mysql.jdbc.JDBC4Connection@3ec83ba4 (No operations allowed after connection closed.). Possibly consider using a shorter maxLifetime value.
2019-05-24 09:20:11.831  WARN 10456 --- [http-nio-8081-exec-1] com.zaxxer.hikari.pool.PoolBase          : HikariPool-1 - Failed to validate connection com.mysql.jdbc.JDBC4Connection@42eee243 (No operations allowed after connection closed.). Possibly consider using a shorter maxLifetime value.
2019-05-24 09:20:11.831  WARN 10456 --- [http-nio-8081-exec-1] com.zaxxer.hikari.pool.PoolBase          : HikariPool-1 - Failed to validate connection com.mysql.jdbc.JDBC4Connection@445055b7 (No operations allowed after connection closed.). Possibly consider using a shorter maxLifetime value.
2019-05-24 09:20:11.831  WARN 10456 --- [http-nio-8081-exec-1] com.zaxxer.hikari.pool.PoolBase          : HikariPool-1 - Failed to validate connection com.mysql.jdbc.JDBC4Connection@49d4d415 (No operations allowed after connection closed.). Possibly consider using a shorter maxLifetime value.
2019-05-24 09:20:11.832  WARN 10456 --- [http-nio-8081-exec-1] com.zaxxer.hikari.pool.PoolBase          : HikariPool-1 - Failed to validate connection com.mysql.jdbc.JDBC4Connection@363ec390 (No operations allowed after connection closed.). Possibly consider using a shorter maxLifetime value.
2019-05-24 09:20:11.832  WARN 10456 --- [http-nio-8081-exec-1] com.zaxxer.hikari.pool.PoolBase          : HikariPool-1 - Failed to validate connection com.mysql.jdbc.JDBC4Connection@377c3ee (No operations allowed after connection closed.). Possibly consider using a shorter maxLifetime value.
2019-05-24 09:20:11.833  WARN 10456 --- [http-nio-8081-exec-1] com.zaxxer.hikari.pool.PoolBase          : HikariPool-1 - Failed to validate connection com.mysql.jdbc.JDBC4Connection@454cc3da (No operations allowed after connection closed.). Possibly consider using a shorter maxLifetime value.
2019-05-24 09:20:11.833  WARN 10456 --- [http-nio-8081-exec-1] com.zaxxer.hikari.pool.PoolBase          : HikariPool-1 - Failed to validate connection com.mysql.jdbc.JDBC4Connection@2a57c31a (No operations allowed after connection closed.). Possibly consider using a shorter maxLifetime value.
2019-05-24 09:20:11.833  WARN 10456 --- [http-nio-8081-exec-1] com.zaxxer.hikari.pool.PoolBase          : HikariPool-1 - Failed to validate connection com.mysql.jdbc.JDBC4Connection@6ab5a783 (No operations allowed after connection closed.). Possibly consider using a shorter maxLifetime value.
2019-05-24 09:21:00.894  WARN 10456 --- [http-nio-8081-exec-4] com.zaxxer.hikari.pool.PoolBase          : HikariPool-1 - Failed to validate connection com.mysql.jdbc.JDBC4Connection@5e308c5f (No operations allowed after connection closed.). Possibly consider using a shorter maxLifetime value.
2019-05-24 09:21:00.916  WARN 10456 --- [http-nio-8081-exec-4] com.zaxxer.hikari.pool.PoolBase          : HikariPool-1 - Failed to validate connection com.mysql.jdbc.JDBC4Connection@1f0d8664 (No operations allowed after connection closed.). Possibly consider using a shorter maxLifetime value.
2019-05-24 09:21:00.917  WARN 10456 --- [http-nio-8081-exec-4] com.zaxxer.hikari.pool.PoolBase          : HikariPool-1 - Failed to validate connection com.mysql.jdbc.JDBC4Connection@74d05344 (No operations allowed after connection closed.). Possibly consider using a shorter maxLifetime value.
2019-05-24 09:21:00.921  WARN 10456 --- [http-nio-8081-exec-4] com.zaxxer.hikari.pool.PoolBase          : HikariPool-1 - Failed to validate connection com.mysql.jdbc.JDBC4Connection@2ed87bf5 (No operations allowed after connection closed.). Possibly consider using a shorter maxLifetime value.
2019-05-24 09:21:00.935  WARN 10456 --- [http-nio-8081-exec-4] com.zaxxer.hikari.pool.PoolBase          : HikariPool-1 - Failed to validate connection com.mysql.jdbc.JDBC4Connection@ceff074 (No operations allowed after connection closed.). Possibly consider using a shorter maxLifetime value.
2019-05-24 09:21:00.937  WARN 10456 --- [http-nio-8081-exec-4] com.zaxxer.hikari.pool.PoolBase          : HikariPool-1 - Failed to validate connection com.mysql.jdbc.JDBC4Connection@17ebba47 (No operations allowed after connection closed.). Possibly consider using a shorter maxLifetime value.
2019-05-24 09:21:00.941  WARN 10456 --- [http-nio-8081-exec-4] com.zaxxer.hikari.pool.PoolBase          : HikariPool-1 - Failed to validate connection com.mysql.jdbc.JDBC4Connection@7b6c62b0 (No operations allowed after connection closed.). Possibly consider using a shorter maxLifetime value.
2019-05-24 09:21:00.949  WARN 10456 --- [http-nio-8081-exec-4] com.zaxxer.hikari.pool.PoolBase          : HikariPool-1 - Failed to validate connection com.mysql.jdbc.JDBC4Connection@f613aa (No operations allowed after connection closed.). Possibly consider using a shorter maxLifetime value.
2019-05-24 09:21:00.964  WARN 10456 --- [http-nio-8081-exec-4] com.zaxxer.hikari.pool.PoolBase          : HikariPool-1 - Failed to validate connection com.mysql.jdbc.JDBC4Connection@4015c2bb (No operations allowed after connection closed.). Possibly consider using a shorter maxLifetime value.
2019-05-24 09:21:00.970  WARN 10456 --- [http-nio-8081-exec-5] com.zaxxer.hikari.pool.PoolBase          : HikariPool-1 - Failed to validate connection com.mysql.jdbc.JDBC4Connection@491c7752 (No operations allowed after connection closed.). Possibly consider using a shorter maxLifetime value.
2019-05-24 09:22:17.135  INFO 10456 --- [AsyncResolver-bootstrap-executor-0] c.n.d.s.r.aws.ConfigClusterResolver      : Resolving eureka endpoints via configuration
2019-05-24 09:27:17.140  INFO 10456 --- [AsyncResolver-bootstrap-executor-0] c.n.d.s.r.aws.ConfigClusterResolver      : Resolving eureka endpoints via configuration
2019-05-24 09:32:17.145  INFO 10456 --- [AsyncResolver-bootstrap-executor-0] c.n.d.s.r.aws.ConfigClusterResolver      : Resolving eureka endpoints via configuration
2019-05-24 09:37:17.150  INFO 10456 --- [AsyncResolver-bootstrap-executor-0] c.n.d.s.r.aws.ConfigClusterResolver      : Resolving eureka endpoints via configuration
2019-05-24 09:42:17.154  INFO 10456 --- [AsyncResolver-bootstrap-executor-0] c.n.d.s.r.aws.ConfigClusterResolver      : Resolving eureka endpoints via configuration
2019-05-24 09:47:17.159  INFO 10456 --- [AsyncResolver-bootstrap-executor-0] c.n.d.s.r.aws.ConfigClusterResolver      : Resolving eureka endpoints via configuration
2019-05-24 09:52:17.163  INFO 10456 --- [AsyncResolver-bootstrap-executor-0] c.n.d.s.r.aws.ConfigClusterResolver      : Resolving eureka endpoints via configuration
